<?xml version="1.0" encoding="UTF-8"?>
<!-- Generated by org.testng.reporters.JUnitXMLReporter -->
<testsuite hostname="02HW020869" name="Test A1" tests="3" failures="1" timestamp="20 Jan 2017 07:12:41 GMT" time="0.024" errors="0">
  <testcase name="testA1_1" time="0.009" classname="testSuiteA.TestA1">
    <skipped/>
  </testcase> <!-- testA1_1 -->
  <testcase name="testA1_2" time="0.0" classname="testSuiteA.TestA1"/>
  <testcase name="testA1_3" time="0.002" classname="testSuiteA.TestA1">
    <failure type="java.lang.AssertionError" message="failed test case ">
      <![CDATA[java.lang.AssertionError: failed test case 
	at testSuiteA.TestA1.testA1_3(TestA1.java:23)
... Removed 25 stack frames]]>
    </failure>
  </testcase> <!-- testA1_3 -->
</testsuite> <!-- Test A1 -->
