<!DOCTYPE html PUBLIC "-//W3C//DTD XHTML 1.1//EN" "http://www.w3.org/TR/xhtml11/DTD/xhtml11.dtd">
<html xmlns="http://www.w3.org/1999/xhtml"><head><title>TestNG Report</title><style type="text/css">table {margin-bottom:10px;border-collapse:collapse;empty-cells:show}th,td {border:1px solid #009;padding:.25em .5em}th {vertical-align:bottom}td {vertical-align:top}table a {font-weight:bold}.stripe td {background-color: #E6EBF9}.num {text-align:right}.passedodd td {background-color: #3F3}.passedeven td {background-color: #0A0}.skippedodd td {background-color: #DDD}.skippedeven td {background-color: #CCC}.failedodd td,.attn {background-color: #F33}.failedeven td,.stripe .attn {background-color: #D00}.stacktrace {white-space:pre;font-family:monospace}.totop {font-size:85%;text-align:center;border-bottom:2px solid #000}</style></head><body><table><tr><th>Test</th><th># Passed</th><th># Skipped</th><th># Failed</th><th>Time (ms)</th><th>Included Groups</th><th>Excluded Groups</th></tr><tr><th colspan="7">Suite B</th></tr><tr><td><a href="#t0">Test B1</a></td><td class="num">2</td><td class="num">0</td><td class="num attn">1</td><td class="num">1</td><td></td><td></td></tr><tr class="stripe"><td><a href="#t1">Test B2</a></td><td class="num">2</td><td class="num">0</td><td class="num attn">1</td><td class="num">1</td><td></td><td></td></tr><tr><th colspan="7">Suite A</th></tr><tr><td><a href="#t2">Test A1</a></td><td class="num">1</td><td class="num attn">1</td><td class="num attn">1</td><td class="num">24</td><td></td><td></td></tr><tr class="stripe"><td><a href="#t3">Test A2</a></td><td class="num">2</td><td class="num">0</td><td class="num attn">1</td><td class="num">5</td><td></td><td></td></tr><tr><th colspan="7">My suite</th></tr><tr><th>Total</th><th class="num">7</th><th class="num attn">1</th><th class="num attn">4</th><th class="num">31</th><th colspan="2"></th></tr></table><table><thead><tr><th>Class</th><th>Method</th><th>Start</th><th>Time (ms)</th></tr></thead><tbody><tr><th colspan="4">Suite B</th></tr></tbody><tbody id="t0"><tr><th colspan="4">Test B1 &#8212; failed</th></tr><tr class="failedeven"><td rowspan="1">testSuiteB.TestB1</td><td><a href="#m0">testB1_3</a></td><td rowspan="1">1484896361752</td><td rowspan="1">0</td></tr><tr><th colspan="4">Test B1 &#8212; passed</th></tr><tr class="passedeven"><td rowspan="2">testSuiteB.TestB1</td><td><a href="#m1">testB1_1</a></td><td rowspan="1">1484896361752</td><td rowspan="1">0</td></tr><tr class="passedeven"><td><a href="#m2">testB1_2</a></td><td rowspan="1">1484896361752</td><td rowspan="1">0</td></tr></tbody><tbody id="t1"><tr><th colspan="4">Test B2 &#8212; failed</th></tr><tr class="failedeven"><td rowspan="1">testSuiteB.TestB2</td><td><a href="#m3">testB2_2</a></td><td rowspan="1">1484896361795</td><td rowspan="1">1</td></tr><tr><th colspan="4">Test B2 &#8212; passed</th></tr><tr class="passedeven"><td rowspan="2">testSuiteB.TestB2</td><td><a href="#m4">testB2_1</a></td><td rowspan="1">1484896361795</td><td rowspan="1">0</td></tr><tr class="passedeven"><td><a href="#m5">testB2_3</a></td><td rowspan="1">1484896361796</td><td rowspan="1">0</td></tr></tbody><tbody><tr><th colspan="4">Suite A</th></tr></tbody><tbody id="t2"><tr><th colspan="4">Test A1 &#8212; failed</th></tr><tr class="failedeven"><td rowspan="1">testSuiteA.TestA1</td><td><a href="#m6">testA1_3</a></td><td rowspan="1">1484896361104</td><td rowspan="1">2</td></tr><tr><th colspan="4">Test A1 &#8212; skipped</th></tr><tr class="skippedeven"><td rowspan="1">testSuiteA.TestA1</td><td><a href="#m7">testA1_1</a></td><td rowspan="1">1484896361093</td><td rowspan="1">9</td></tr><tr><th colspan="4">Test A1 &#8212; passed</th></tr><tr class="passedeven"><td rowspan="1">testSuiteA.TestA1</td><td><a href="#m8">testA1_2</a></td><td rowspan="1">1484896361104</td><td rowspan="1">0</td></tr></tbody><tbody id="t3"><tr><th colspan="4">Test A2 &#8212; failed</th></tr><tr class="failedeven"><td rowspan="1">testSuiteA.TestA2</td><td><a href="#m9">testA2_2</a></td><td rowspan="1">1484896361745</td><td rowspan="1">0</td></tr><tr><th colspan="4">Test A2 &#8212; passed</th></tr><tr class="passedeven"><td rowspan="2">testSuiteA.TestA2</td><td><a href="#m10">testA2_1</a></td><td rowspan="1">1484896361745</td><td rowspan="1">0</td></tr><tr class="passedeven"><td><a href="#m11">testA2_3</a></td><td rowspan="1">1484896361745</td><td rowspan="1">0</td></tr></tbody><tbody><tr><th colspan="4">My suite</th></tr></tbody></table><h2>Test B1</h2><h3 id="m0">testSuiteB.TestB1#testB1_3</h3><table class="result"><tr><th>Exception</th></tr><tr><td><div class="stacktrace">java.lang.AssertionError: failed test case 
	at testSuiteB.TestB1.testB1_3(TestB1.java:22)
... Removed 25 stack frames</div></td></tr></table><p class="totop"><a href="#summary">back to summary</a></p><h3 id="m1">testSuiteB.TestB1#testB1_1</h3><table class="result"></table><p class="totop"><a href="#summary">back to summary</a></p><h3 id="m2">testSuiteB.TestB1#testB1_2</h3><table class="result"></table><p class="totop"><a href="#summary">back to summary</a></p><h2>Test B2</h2><h3 id="m3">testSuiteB.TestB2#testB2_2</h3><table class="result"><tr><th>Exception</th></tr><tr><td><div class="stacktrace">java.lang.AssertionError: failed test case 
	at testSuiteB.TestB2.testB2_2(TestB2.java:16)
... Removed 25 stack frames</div></td></tr></table><p class="totop"><a href="#summary">back to summary</a></p><h3 id="m4">testSuiteB.TestB2#testB2_1</h3><table class="result"></table><p class="totop"><a href="#summary">back to summary</a></p><h3 id="m5">testSuiteB.TestB2#testB2_3</h3><table class="result"></table><p class="totop"><a href="#summary">back to summary</a></p><h2>Test A1</h2><h3 id="m6">testSuiteA.TestA1#testA1_3</h3><table class="result"><tr><th>Exception</th></tr><tr><td><div class="stacktrace">java.lang.AssertionError: failed test case 
	at testSuiteA.TestA1.testA1_3(TestA1.java:23)
... Removed 25 stack frames</div></td></tr></table><p class="totop"><a href="#summary">back to summary</a></p><h3 id="m7">testSuiteA.TestA1#testA1_1</h3><table class="result"><tr><th>Exception</th></tr><tr><td><div class="stacktrace">org.testng.SkipException: Skipping the test
	at testSuiteA.TestA1.testA1_1(TestA1.java:12)
... Removed 24 stack frames</div></td></tr></table><p class="totop"><a href="#summary">back to summary</a></p><h3 id="m8">testSuiteA.TestA1#testA1_2</h3><table class="result"></table><p class="totop"><a href="#summary">back to summary</a></p><h2>Test A2</h2><h3 id="m9">testSuiteA.TestA2#testA2_2</h3><table class="result"><tr><th>Exception</th></tr><tr><td><div class="stacktrace">java.lang.AssertionError: failed test case 
	at testSuiteA.TestA2.testA2_2(TestA2.java:16)
... Removed 25 stack frames</div></td></tr></table><p class="totop"><a href="#summary">back to summary</a></p><h3 id="m10">testSuiteA.TestA2#testA2_1</h3><table class="result"></table><p class="totop"><a href="#summary">back to summary</a></p><h3 id="m11">testSuiteA.TestA2#testA2_3</h3><table class="result"></table><p class="totop"><a href="#summary">back to summary</a></p></body></html>